autoscan: warning: missing AC_CHECK_MEMBERS([struct stat.st_blksize]) wanted by: 
	tests/testout.cpp:779
	tests/testout.cpp:779
	tests/testout.cpp:1237
	tests/testout.cpp:1237
	tests/testout.cpp:1255
	tests/testout.cpp:1255
	tests/testout.cpp:1273
	tests/testout.cpp:1273
	tests/testout.cpp:1291
	tests/testout.cpp:1291
	tests/testout.cpp:1319
	tests/testout.cpp:1319
	tests/testout.cpp:1337
	tests/testout.cpp:1337
	tests/testout.cpp:1355
	tests/testout.cpp:1355
	tests/testout.cpp:1373
	tests/testout.cpp:1373
autoscan: warning: missing AC_CHECK_MEMBERS([struct stat.st_rdev]) wanted by: 
	tests/testout.cpp:777
	tests/testout.cpp:777
	tests/testout.cpp:1235
	tests/testout.cpp:1235
	tests/testout.cpp:1253
	tests/testout.cpp:1253
	tests/testout.cpp:1271
	tests/testout.cpp:1271
	tests/testout.cpp:1289
	tests/testout.cpp:1289
	tests/testout.cpp:1317
	tests/testout.cpp:1317
	tests/testout.cpp:1335
	tests/testout.cpp:1335
	tests/testout.cpp:1353
	tests/testout.cpp:1353
	tests/testout.cpp:1371
	tests/testout.cpp:1371
autoscan: warning: missing AC_FUNC_OBSTACK wanted by: 
	tests/testout.cpp:10690
	tests/testout.cpp:10691
	tests/testout.cpp:10692
	tests/testout.cpp:10693
	tests/testout.cpp:10694
	tests/testout.cpp:10695
	tests/testout.cpp:10696
	tests/testout.cpp:10697
	tests/testout.cpp:10698
	tests/testout.cpp:10699
	tests/testout.cpp:10700
	tests/testout.cpp:10701
	tests/testout.cpp:10702
	tests/testout.cpp:10703
	tests/testout.cpp:10706
	tests/testout.cpp:10707
	tests/testout.cpp:10708
	tests/testout.cpp:10709
	tests/testout.cpp:10710
	tests/testout.cpp:10711
	tests/testout.cpp:10712
	tests/testout.cpp:10713
	tests/testout.cpp:10714
	tests/testout.cpp:10715
	tests/testout.cpp:10716
	tests/testout.cpp:10717
	tests/testout.cpp:10718
	tests/testout.cpp:10719
	tests/testout.cpp:10722
	tests/testout.cpp:10723
	tests/testout.cpp:10724
	tests/testout.cpp:10725
	tests/testout.cpp:10726
	tests/testout.cpp:10727
	tests/testout.cpp:10728
	tests/testout.cpp:10729
	tests/testout.cpp:10730
	tests/testout.cpp:10731
	tests/testout.cpp:10732
	tests/testout.cpp:10733
	tests/testout.cpp:10734
	tests/testout.cpp:10735
	tests/testout.cpp:10738
	tests/testout.cpp:10739
	tests/testout.cpp:10740
	tests/testout.cpp:10741
	tests/testout.cpp:10742
	tests/testout.cpp:10743
	tests/testout.cpp:10744
	tests/testout.cpp:10745
	tests/testout.cpp:10746
	tests/testout.cpp:10747
	tests/testout.cpp:10748
	tests/testout.cpp:10749
	tests/testout.cpp:10750
	tests/testout.cpp:10751
	tests/testout.cpp:10754
	tests/testout.cpp:10755
	tests/testout.cpp:10756
	tests/testout.cpp:10757
	tests/testout.cpp:10758
	tests/testout.cpp:10759
	tests/testout.cpp:10760
	tests/testout.cpp:10761
	tests/testout.cpp:10762
	tests/testout.cpp:10763
	tests/testout.cpp:10764
	tests/testout.cpp:10765
	tests/testout.cpp:10766
	tests/testout.cpp:10767
	tests/testout.cpp:10770
	tests/testout.cpp:10771
	tests/testout.cpp:10772
	tests/testout.cpp:10773
	tests/testout.cpp:10774
	tests/testout.cpp:10775
	tests/testout.cpp:10776
	tests/testout.cpp:10777
	tests/testout.cpp:10778
	tests/testout.cpp:10779
	tests/testout.cpp:10780
	tests/testout.cpp:10781
	tests/testout.cpp:10782
	tests/testout.cpp:10783
	tests/testout.cpp:10786
	tests/testout.cpp:10787
	tests/testout.cpp:10788
	tests/testout.cpp:10789
	tests/testout.cpp:10790
	tests/testout.cpp:10791
	tests/testout.cpp:10792
	tests/testout.cpp:10793
	tests/testout.cpp:10794
	tests/testout.cpp:10795
	tests/testout.cpp:10796
	tests/testout.cpp:10797
	tests/testout.cpp:10798
	tests/testout.cpp:10799
	tests/testout.cpp:10802
	tests/testout.cpp:10803
	tests/testout.cpp:10804
	tests/testout.cpp:10805
	tests/testout.cpp:10806
	tests/testout.cpp:10807
	tests/testout.cpp:10808
	tests/testout.cpp:10809
	tests/testout.cpp:10810
	tests/testout.cpp:10811
	tests/testout.cpp:10812
	tests/testout.cpp:10813
	tests/testout.cpp:10814
	tests/testout.cpp:10815
	tests/testout.cpp:10818
	tests/testout.cpp:10819
	tests/testout.cpp:10820
	tests/testout.cpp:10821
	tests/testout.cpp:10822
	tests/testout.cpp:10823
	tests/testout.cpp:10824
	tests/testout.cpp:10825
	tests/testout.cpp:10826
	tests/testout.cpp:10827
	tests/testout.cpp:10828
	tests/testout.cpp:10829
	tests/testout.cpp:10830
	tests/testout.cpp:10831
	tests/testout.cpp:10834
	tests/testout.cpp:10835
	tests/testout.cpp:10836
	tests/testout.cpp:10837
	tests/testout.cpp:10838
	tests/testout.cpp:10839
	tests/testout.cpp:10840
	tests/testout.cpp:10841
	tests/testout.cpp:10842
	tests/testout.cpp:10843
	tests/testout.cpp:10844
	tests/testout.cpp:10845
	tests/testout.cpp:10846
	tests/testout.cpp:10847
	tests/testout.cpp:10850
	tests/testout.cpp:10851
	tests/testout.cpp:10852
	tests/testout.cpp:10853
	tests/testout.cpp:10854
	tests/testout.cpp:10855
	tests/testout.cpp:10856
	tests/testout.cpp:10857
	tests/testout.cpp:10858
	tests/testout.cpp:10859
	tests/testout.cpp:10860
	tests/testout.cpp:10861
	tests/testout.cpp:10862
	tests/testout.cpp:10863
	tests/testout.cpp:10866
	tests/testout.cpp:10867
	tests/testout.cpp:10868
	tests/testout.cpp:10869
	tests/testout.cpp:10870
	tests/testout.cpp:10871
	tests/testout.cpp:10872
	tests/testout.cpp:10873
	tests/testout.cpp:10874
	tests/testout.cpp:10875
	tests/testout.cpp:10876
	tests/testout.cpp:10877
	tests/testout.cpp:10878
	tests/testout.cpp:10879
	tests/testout.cpp:10882
	tests/testout.cpp:10883
	tests/testout.cpp:10884
	tests/testout.cpp:10885
	tests/testout.cpp:10886
	tests/testout.cpp:10887
	tests/testout.cpp:10888
	tests/testout.cpp:10889
	tests/testout.cpp:10890
	tests/testout.cpp:10891
	tests/testout.cpp:10892
	tests/testout.cpp:10893
	tests/testout.cpp:10894
	tests/testout.cpp:10895
	tests/testout.cpp:10898
	tests/testout.cpp:10899
	tests/testout.cpp:10900
	tests/testout.cpp:10901
	tests/testout.cpp:10902
	tests/testout.cpp:10903
	tests/testout.cpp:10904
	tests/testout.cpp:10905
	tests/testout.cpp:10906
	tests/testout.cpp:10907
	tests/testout.cpp:10908
	tests/testout.cpp:10909
	tests/testout.cpp:10910
	tests/testout.cpp:10911
	tests/testout.cpp:10914
	tests/testout.cpp:10915
	tests/testout.cpp:10916
	tests/testout.cpp:10917
	tests/testout.cpp:10918
	tests/testout.cpp:10919
	tests/testout.cpp:10920
	tests/testout.cpp:10921
	tests/testout.cpp:10922
	tests/testout.cpp:10923
	tests/testout.cpp:10924
	tests/testout.cpp:10925
	tests/testout.cpp:10926
	tests/testout.cpp:10927
	tests/testout.cpp:10930
	tests/testout.cpp:10931
	tests/testout.cpp:10932
	tests/testout.cpp:10933
	tests/testout.cpp:10934
	tests/testout.cpp:10935
	tests/testout.cpp:10936
	tests/testout.cpp:10937
	tests/testout.cpp:10938
	tests/testout.cpp:10939
	tests/testout.cpp:10940
	tests/testout.cpp:10941
	tests/testout.cpp:10942
	tests/testout.cpp:10943
	tests/testout.cpp:10946
	tests/testout.cpp:10947
	tests/testout.cpp:10948
	tests/testout.cpp:10949
	tests/testout.cpp:10950
	tests/testout.cpp:10951
	tests/testout.cpp:10952
	tests/testout.cpp:10953
	tests/testout.cpp:10954
	tests/testout.cpp:10955
	tests/testout.cpp:10956
	tests/testout.cpp:10957
	tests/testout.cpp:10958
	tests/testout.cpp:10959
	tests/testout.cpp:10962
	tests/testout.cpp:10963
	tests/testout.cpp:10964
	tests/testout.cpp:10965
	tests/testout.cpp:10966
	tests/testout.cpp:10967
	tests/testout.cpp:10968
	tests/testout.cpp:10969
	tests/testout.cpp:10970
	tests/testout.cpp:10971
	tests/testout.cpp:10972
	tests/testout.cpp:10973
	tests/testout.cpp:10974
	tests/testout.cpp:10975
	tests/testout.cpp:10978
	tests/testout.cpp:10979
	tests/testout.cpp:10980
	tests/testout.cpp:10981
	tests/testout.cpp:10982
	tests/testout.cpp:10983
	tests/testout.cpp:10984
	tests/testout.cpp:10985
	tests/testout.cpp:10986
	tests/testout.cpp:10987
	tests/testout.cpp:10988
	tests/testout.cpp:10989
	tests/testout.cpp:10990
	tests/testout.cpp:10991
	tests/testout.cpp:10994
	tests/testout.cpp:10995
	tests/testout.cpp:10996
	tests/testout.cpp:10997
	tests/testout.cpp:10998
	tests/testout.cpp:10999
	tests/testout.cpp:11000
	tests/testout.cpp:11001
	tests/testout.cpp:11002
	tests/testout.cpp:11003
	tests/testout.cpp:11004
	tests/testout.cpp:11005
	tests/testout.cpp:11006
	tests/testout.cpp:11007
	tests/testout.cpp:11010
	tests/testout.cpp:11011
	tests/testout.cpp:11012
	tests/testout.cpp:11013
	tests/testout.cpp:11014
	tests/testout.cpp:11015
	tests/testout.cpp:11016
	tests/testout.cpp:11017
	tests/testout.cpp:11018
	tests/testout.cpp:11019
	tests/testout.cpp:11020
	tests/testout.cpp:11021
	tests/testout.cpp:11022
	tests/testout.cpp:11023
	tests/testout.cpp:11026
	tests/testout.cpp:11027
	tests/testout.cpp:11028
	tests/testout.cpp:11029
	tests/testout.cpp:11030
	tests/testout.cpp:11031
	tests/testout.cpp:11032
	tests/testout.cpp:11033
	tests/testout.cpp:11034
	tests/testout.cpp:11035
	tests/testout.cpp:11036
	tests/testout.cpp:11037
	tests/testout.cpp:11038
	tests/testout.cpp:11039
	tests/testout.cpp:11042
	tests/testout.cpp:11043
	tests/testout.cpp:11044
	tests/testout.cpp:11045
	tests/testout.cpp:11046
	tests/testout.cpp:11047
	tests/testout.cpp:11048
	tests/testout.cpp:11049
	tests/testout.cpp:11050
	tests/testout.cpp:11051
	tests/testout.cpp:11052
	tests/testout.cpp:11053
	tests/testout.cpp:11054
	tests/testout.cpp:11055
	tests/testout.cpp:11058
	tests/testout.cpp:11059
	tests/testout.cpp:11060
	tests/testout.cpp:11061
	tests/testout.cpp:11062
	tests/testout.cpp:11063
	tests/testout.cpp:11064
	tests/testout.cpp:11065
	tests/testout.cpp:11066
	tests/testout.cpp:11067
	tests/testout.cpp:11068
	tests/testout.cpp:11069
	tests/testout.cpp:11070
	tests/testout.cpp:11071
	tests/testout.cpp:11074
	tests/testout.cpp:11075
	tests/testout.cpp:11076
	tests/testout.cpp:11077
	tests/testout.cpp:11078
	tests/testout.cpp:11079
	tests/testout.cpp:11080
	tests/testout.cpp:11081
	tests/testout.cpp:11082
	tests/testout.cpp:11083
	tests/testout.cpp:11084
	tests/testout.cpp:11085
	tests/testout.cpp:11086
	tests/testout.cpp:11087
	tests/testout.cpp:11090
	tests/testout.cpp:11091
	tests/testout.cpp:11092
	tests/testout.cpp:11093
	tests/testout.cpp:11094
	tests/testout.cpp:11095
	tests/testout.cpp:11096
	tests/testout.cpp:11097
	tests/testout.cpp:11098
	tests/testout.cpp:11099
	tests/testout.cpp:11100
	tests/testout.cpp:11101
	tests/testout.cpp:11102
	tests/testout.cpp:11103
	tests/testout.cpp:11106
	tests/testout.cpp:11107
	tests/testout.cpp:11108
	tests/testout.cpp:11109
	tests/testout.cpp:11110
	tests/testout.cpp:11111
	tests/testout.cpp:11112
	tests/testout.cpp:11113
	tests/testout.cpp:11114
	tests/testout.cpp:11115
	tests/testout.cpp:11116
	tests/testout.cpp:11117
	tests/testout.cpp:11118
	tests/testout.cpp:11119
	tests/testout.cpp:11122
	tests/testout.cpp:11123
	tests/testout.cpp:11124
	tests/testout.cpp:11125
	tests/testout.cpp:11126
	tests/testout.cpp:11127
	tests/testout.cpp:11128
	tests/testout.cpp:11129
	tests/testout.cpp:11130
	tests/testout.cpp:11131
	tests/testout.cpp:11132
	tests/testout.cpp:11133
	tests/testout.cpp:11134
	tests/testout.cpp:11135
	tests/testout.cpp:11138
	tests/testout.cpp:11139
	tests/testout.cpp:11140
	tests/testout.cpp:11141
	tests/testout.cpp:11142
	tests/testout.cpp:11143
	tests/testout.cpp:11144
	tests/testout.cpp:11145
	tests/testout.cpp:11146
	tests/testout.cpp:11147
	tests/testout.cpp:11148
	tests/testout.cpp:11149
	tests/testout.cpp:11150
	tests/testout.cpp:11151
	tests/testout.cpp:11154
	tests/testout.cpp:11155
	tests/testout.cpp:11156
	tests/testout.cpp:11157
	tests/testout.cpp:11158
	tests/testout.cpp:11159
	tests/testout.cpp:11160
	tests/testout.cpp:11161
	tests/testout.cpp:11162
	tests/testout.cpp:11163
	tests/testout.cpp:11164
	tests/testout.cpp:11165
	tests/testout.cpp:11166
	tests/testout.cpp:11167
	tests/testout.cpp:11191
	tests/testout.cpp:11192
	tests/testout.cpp:11193
	tests/testout.cpp:11194
	tests/testout.cpp:11195
	tests/testout.cpp:11196
	tests/testout.cpp:11197
	tests/testout.cpp:11198
	tests/testout.cpp:11199
	tests/testout.cpp:11200
	tests/testout.cpp:11201
	tests/testout.cpp:11202
	tests/testout.cpp:11203
	tests/testout.cpp:11204
	tests/testout.cpp:15096
	tests/testout.cpp:15097
	tests/testout.cpp:15098
	tests/testout.cpp:15099
	tests/testout.cpp:15100
	tests/testout.cpp:15101
	tests/testout.cpp:15102
	tests/testout.cpp:15103
	tests/testout.cpp:15104
	tests/testout.cpp:15105
	tests/testout.cpp:15106
	tests/testout.cpp:15107
	tests/testout.cpp:15108
	tests/testout.cpp:15109
	tests/testout.cpp:15112
	tests/testout.cpp:15113
	tests/testout.cpp:15114
	tests/testout.cpp:15115
	tests/testout.cpp:15116
	tests/testout.cpp:15117
	tests/testout.cpp:15118
	tests/testout.cpp:15119
	tests/testout.cpp:15120
	tests/testout.cpp:15121
	tests/testout.cpp:15122
	tests/testout.cpp:15123
	tests/testout.cpp:15124
	tests/testout.cpp:15125
	tests/testout.cpp:15128
	tests/testout.cpp:15129
	tests/testout.cpp:15130
	tests/testout.cpp:15131
	tests/testout.cpp:15132
	tests/testout.cpp:15133
	tests/testout.cpp:15134
	tests/testout.cpp:15135
	tests/testout.cpp:15136
	tests/testout.cpp:15137
	tests/testout.cpp:15138
	tests/testout.cpp:15139
	tests/testout.cpp:15140
	tests/testout.cpp:15141
	tests/testout.cpp:16815
	tests/testout.cpp:16816
	tests/testout.cpp:16817
	tests/testout.cpp:16818
	tests/testout.cpp:16819
	tests/testout.cpp:16820
	tests/testout.cpp:16821
	tests/testout.cpp:16822
	tests/testout.cpp:16823
	tests/testout.cpp:16824
	tests/testout.cpp:16825
	tests/testout.cpp:16826
	tests/testout.cpp:16827
	tests/testout.cpp:16828
	tests/testout.cpp:16834
	tests/testout.cpp:16834
	tests/testout.cpp:16857
	tests/testout.cpp:16857
autoscan: warning: missing AC_STRUCT_ST_BLOCKS wanted by: 
	tests/testout.cpp:780
	tests/testout.cpp:780
	tests/testout.cpp:1238
	tests/testout.cpp:1238
	tests/testout.cpp:1256
	tests/testout.cpp:1256
	tests/testout.cpp:1274
	tests/testout.cpp:1274
	tests/testout.cpp:1292
	tests/testout.cpp:1292
	tests/testout.cpp:1320
	tests/testout.cpp:1320
	tests/testout.cpp:1338
	tests/testout.cpp:1338
	tests/testout.cpp:1356
	tests/testout.cpp:1356
	tests/testout.cpp:1374
	tests/testout.cpp:1374
autoscan: warning: missing AC_STRUCT_TIMEZONE wanted by: 
	tests/testout.cpp:490
	tests/testout.cpp:490
	tests/testout.cpp:522
	tests/testout.cpp:522
	tests/testout.cpp:536
	tests/testout.cpp:536
	tests/testout.cpp:550
	tests/testout.cpp:550
	tests/testout.cpp:564
	tests/testout.cpp:564
	tests/testout.cpp:578
	tests/testout.cpp:578
	tests/testout.cpp:592
	tests/testout.cpp:592
	tests/testout.cpp:606
	tests/testout.cpp:606
	tests/testout.cpp:620
	tests/testout.cpp:620
	tests/testout.cpp:634
	tests/testout.cpp:634
	tests/testout.cpp:648
	tests/testout.cpp:648
	tests/testout.cpp:662
	tests/testout.cpp:662
	tests/testout.cpp:676
	tests/testout.cpp:676
	tests/testout.cpp:690
	tests/testout.cpp:690
